#
# There is insufficient memory for the Java Runtime Environment to continue.
# Native memory allocation (mmap) failed to map 532676608 bytes. Error detail: G1 virtual space
# Possible reasons:
#   The system is out of physical RAM or swap space
#   This process is running with CompressedOops enabled, and the Java Heap may be blocking the growth of the native heap
# Possible solutions:
#   Reduce memory load on the system
#   Increase physical memory or swap space
#   Check if swap backing store is full
#   Decrease Java heap size (-Xmx/-Xms)
#   Decrease number of Java threads
#   Decrease Java thread stack sizes (-Xss)
#   Set larger code cache with -XX:ReservedCodeCacheSize=
#   JVM is running with Zero Based Compressed Oops mode in which the Java heap is
#     placed in the first 32GB address space. The Java Heap base address is the
#     maximum limit for the native heap growth. Please use -XX:HeapBaseMinAddress
#     to set the Java Heap base and to place the Java Heap above 32GB virtual address.
# This output file may be truncated or incomplete.
#
#  Out of Memory Error (os_windows.cpp:3898), pid=678276, tid=678428
#
# JRE version:  (21.0.6) (build )
# Java VM: OpenJDK 64-Bit Server VM (21.0.6+-13368085-b895.109, mixed mode, sharing, tiered, compressed oops, compressed class ptrs, g1 gc, windows-amd64)
# No core dump will be written. Minidumps are not enabled by default on client versions of Windows
#

---------------  S U M M A R Y ------------

Command Line: org.jetbrains.kotlin.cli.jvm.K2JVMCompiler @D:\gerrit_workspace\oem-screenRecordbk\screen-recorder-oem\app\build\20251029_8911784028416125974.compiler.options

Host: 11th Gen Intel(R) Core(TM) i7-11800H @ 2.30GHz, 16 cores, 31G,  Windows 10 , 64 bit Build 19041 (10.0.19041.5915)
Time: Wed Oct 29 17:00:45 2025  Windows 10 , 64 bit Build 19041 (10.0.19041.5915) elapsed time: 0.016081 seconds (0d 0h 0m 0s)

---------------  T H R E A D  ---------------

Current thread (0x000001d031291c70):  JavaThread "Unknown thread" [_thread_in_vm, id=678428, stack(0x000000c24ba00000,0x000000c24bb00000) (1024K)]

Stack: [0x000000c24ba00000,0x000000c24bb00000]
Native frames: (J=compiled Java code, j=interpreted, Vv=VM code, C=native code)
V  [jvm.dll+0x6d0639]
V  [jvm.dll+0x85eb03]
V  [jvm.dll+0x86105e]
V  [jvm.dll+0x861743]
V  [jvm.dll+0x27e6e6]
V  [jvm.dll+0x6ccfd5]
V  [jvm.dll+0x6c0a8a]
V  [jvm.dll+0x35537b]
V  [jvm.dll+0x35cfd6]
V  [jvm.dll+0x3aef86]
V  [jvm.dll+0x3af258]
V  [jvm.dll+0x327a2c]
V  [jvm.dll+0x32871b]
V  [jvm.dll+0x826549]
V  [jvm.dll+0x3bc158]
V  [jvm.dll+0x80f7f8]
V  [jvm.dll+0x45035e]
V  [jvm.dll+0x451ac1]
C  [jli.dll+0x52ab]
C  [ucrtbase.dll+0x21bb2]
C  [KERNEL32.DLL+0x17374]
C  [ntdll.dll+0x4cc91]


---------------  P R O C E S S  ---------------

Threads class SMR info:
_java_thread_list=0x00007ffc4ddb1848, length=0, elements={
}

Java Threads: ( => current thread )
Total: 0

Other Threads:
  0x000001d033668670 WorkerThread "GC Thread#0"                     [id=678484, stack(0x000000c24bb00000,0x000000c24bc00000) (1024K)]
  0x000001d033679390 ConcurrentGCThread "G1 Main Marker"            [id=678528, stack(0x000000c24bc00000,0x000000c24bd00000) (1024K)]
  0x000001d03367a6a0 WorkerThread "G1 Conc#0"                       [id=678540, stack(0x000000c24bd00000,0x000000c24be00000) (1024K)]

[error occurred during error reporting (printing all threads), id 0xc0000005, EXCEPTION_ACCESS_VIOLATION (0xc0000005) at pc=0x00007ffc4d5aaa87]
VM state: not at safepoint (not fully initialized)

VM Mutex/Monitor currently owned by a thread:  ([mutex/lock_event])
[0x00007ffc4de1e4a0] Heap_lock - owner thread: 0x000001d031291c70

Heap address: 0x0000000605800000, size: 8104 MB, Compressed Oops mode: Zero based, Oop shift amount: 3

CDS archive(s) mapped at: [0x0000000000000000-0x0000000000000000-0x0000000000000000), size 0, SharedBaseAddress: 0x0000000800000000, ArchiveRelocationMode: 1.
Narrow klass base: 0x0000000000000000, Narrow klass shift: 0, Narrow klass range: 0x0

GC Precious Log:
 CardTable entry size: 512
 Card Set container configuration: InlinePtr #cards 4 size 8 Array Of Cards #cards 32 size 80 Howl #buckets 8 coarsen threshold 7372 Howl Bitmap #cards 1024 size 144 coarsen threshold 921 Card regions per heap region 1 cards per card region 8192

Heap:
 garbage-first heap   total 0K, used 0K [0x0000000605800000, 0x0000000800000000)
  region size 4096K, 0 young (0K), 0 survivors (0K)
 Metaspace       used 0K, committed 0K, reserved 0K
  class space    used 0K, committed 0K, reserved 0K

Heap Regions: E=young(eden), S=young(survivor), O=old, HS=humongous(starts), HC=humongous(continues), CS=collection set, F=free, TAMS=top-at-mark-start, PB=parsable bottom

Card table byte_map: [0x000001d046f90000,0x000001d047f70000] _byte_map_base: 0x000001d043f64000

Marking Bits: (CMBitMap*) 0x000001d033668d70
 Bits: [0x000001d047f70000, 0x000001d04fe10000)

GC Heap History (0 events):
No events

Dll operation events (1 events):
Event: 0.011 Loaded shared library D:\Program\Android\AndroidStudio\jbr\bin\java.dll

Deoptimization events (0 events):
No events

Classes loaded (0 events):
No events

Classes unloaded (0 events):
No events

Classes redefined (0 events):
No events

Internal exceptions (0 events):
No events

ZGC Phase Switch (0 events):
No events

VM Operations (0 events):
No events

Memory protections (0 events):
No events

Nmethod flushes (0 events):
No events

Events (0 events):
No events


Dynamic libraries:
0x00007ff72b690000 - 0x00007ff72b69a000 	D:\Program\Android\AndroidStudio\jbr\bin\java.exe
0x00007ffcf3690000 - 0x00007ffcf3888000 	C:\WINDOWS\SYSTEM32\ntdll.dll
0x00007ffcf2e50000 - 0x00007ffcf2f12000 	C:\WINDOWS\System32\KERNEL32.DLL
0x00007ffcf1030000 - 0x00007ffcf1326000 	C:\WINDOWS\System32\KERNELBASE.dll
0x00007ffcf0f30000 - 0x00007ffcf1030000 	C:\WINDOWS\System32\ucrtbase.dll
0x00007ffcea110000 - 0x00007ffcea12b000 	D:\Program\Android\AndroidStudio\jbr\bin\VCRUNTIME140.dll
0x00007ffcea010000 - 0x00007ffcea028000 	D:\Program\Android\AndroidStudio\jbr\bin\jli.dll
0x00007ffcf2ca0000 - 0x00007ffcf2e41000 	C:\WINDOWS\System32\USER32.dll
0x00007ffcf0dc0000 - 0x00007ffcf0de2000 	C:\WINDOWS\System32\win32u.dll
0x00007ffcf1b60000 - 0x00007ffcf1b8b000 	C:\WINDOWS\System32\GDI32.dll
0x00007ffcf1380000 - 0x00007ffcf1499000 	C:\WINDOWS\System32\gdi32full.dll
0x00007ffccfa10000 - 0x00007ffccfcab000 	C:\WINDOWS\WinSxS\amd64_microsoft.windows.common-controls_6595b64144ccf1df_6.0.19041.6456_none_60b8a6cb71f64256\COMCTL32.dll
0x00007ffcf0d20000 - 0x00007ffcf0dbd000 	C:\WINDOWS\System32\msvcp_win.dll
0x00007ffcf2fe0000 - 0x00007ffcf307e000 	C:\WINDOWS\System32\msvcrt.dll
0x00007ffcf1c00000 - 0x00007ffcf1c2f000 	C:\WINDOWS\System32\IMM32.DLL
0x00007ffceed00000 - 0x00007ffceed0c000 	D:\Program\Android\AndroidStudio\jbr\bin\vcruntime140_1.dll
0x00007ffcc3870000 - 0x00007ffcc38fd000 	D:\Program\Android\AndroidStudio\jbr\bin\msvcp140.dll
0x00007ffc4d270000 - 0x00007ffc4defb000 	D:\Program\Android\AndroidStudio\jbr\bin\server\jvm.dll
0x00007ffcf2f20000 - 0x00007ffcf2fd1000 	C:\WINDOWS\System32\ADVAPI32.dll
0x00007ffcf1c30000 - 0x00007ffcf1ccf000 	C:\WINDOWS\System32\sechost.dll
0x00007ffcf16b0000 - 0x00007ffcf17d0000 	C:\WINDOWS\System32\RPCRT4.dll
0x00007ffcf1520000 - 0x00007ffcf1547000 	C:\WINDOWS\System32\bcrypt.dll
0x00007ffcf2ba0000 - 0x00007ffcf2c0b000 	C:\WINDOWS\System32\WS2_32.dll
0x00007ffce90b0000 - 0x00007ffce90ba000 	C:\WINDOWS\SYSTEM32\VERSION.dll
0x00007ffcddb90000 - 0x00007ffcddbb7000 	C:\WINDOWS\SYSTEM32\WINMM.dll
0x00007ffcf0220000 - 0x00007ffcf026b000 	C:\WINDOWS\SYSTEM32\POWRPROF.dll
0x00007ffcf00e0000 - 0x00007ffcf00f2000 	C:\WINDOWS\SYSTEM32\UMPDC.dll
0x00007ffcef540000 - 0x00007ffcef552000 	C:\WINDOWS\SYSTEM32\kernel.appcore.dll
0x00007ffcee5f0000 - 0x00007ffcee5fa000 	D:\Program\Android\AndroidStudio\jbr\bin\jimage.dll
0x00007ffcee870000 - 0x00007ffceea71000 	C:\WINDOWS\SYSTEM32\DBGHELP.DLL
0x00007ffce7bc0000 - 0x00007ffce7bf4000 	C:\WINDOWS\SYSTEM32\dbgcore.DLL
0x00007ffcf0df0000 - 0x00007ffcf0e72000 	C:\WINDOWS\System32\bcryptPrimitives.dll
0x00007ffce9ba0000 - 0x00007ffce9bc0000 	D:\Program\Android\AndroidStudio\jbr\bin\java.dll

dbghelp: loaded successfully - version: 4.0.5 - missing functions: none
symbol engine: initialized successfully - sym options: 0x614 - pdb path: .;D:\Program\Android\AndroidStudio\jbr\bin;C:\WINDOWS\SYSTEM32;C:\WINDOWS\WinSxS\amd64_microsoft.windows.common-controls_6595b64144ccf1df_6.0.19041.6456_none_60b8a6cb71f64256;D:\Program\Android\AndroidStudio\jbr\bin\server

VM Arguments:
java_command: org.jetbrains.kotlin.cli.jvm.K2JVMCompiler @D:\gerrit_workspace\oem-screenRecordbk\screen-recorder-oem\app\build\20251029_8911784028416125974.compiler.options
java_class_path (initial): D:\.gradle\caches\modules-2\files-2.1\org.jetbrains.kotlin\kotlin-compiler-embeddable\1.9.20\b44d2f7d8c1c67c0ed66d40e57e52623ca753db7\kotlin-compiler-embeddable-1.9.20.jar;D:\.gradle\caches\modules-2\files-2.1\org.jetbrains.kotlin\kotlin-stdlib\1.9.20\e58b4816ac517e9cc5df1db051120c63d4cde669\kotlin-stdlib-1.9.20.jar;D:\.gradle\caches\modules-2\files-2.1\org.jetbrains.kotlin\kotlin-script-runtime\1.9.20\6fdfef711b8e07f1a4d0979a60acd7bc8a800777\kotlin-script-runtime-1.9.20.jar;D:\.gradle\caches\modules-2\files-2.1\org.jetbrains.kotlin\kotlin-reflect\1.6.10\1cbe9c92c12a94eea200d23c2bbaedaf3daf5132\kotlin-reflect-1.6.10.jar;D:\.gradle\caches\modules-2\files-2.1\org.jetbrains.kotlin\kotlin-daemon-embeddable\1.9.20\a2a6b491bc53049e2f1af33245481db49034ba52\kotlin-daemon-embeddable-1.9.20.jar;D:\.gradle\caches\modules-2\files-2.1\org.jetbrains.intellij.deps\trove4j\1.0.20200330\3afb14d5f9ceb459d724e907a21145e8ff394f02\trove4j-1.0.20200330.jar;D:\.gradle\caches\modules-2\files-2.1\org.jetbrains\annotations\13.0\919f0dfe192fb4e063e7dacadee7f8bb9a2672a9\annotations-13.0.jar
Launcher Type: SUN_STANDARD

[Global flags]
     intx CICompilerCount                          = 12                                        {product} {ergonomic}
     uint ConcGCThreads                            = 3                                         {product} {ergonomic}
     uint G1ConcRefinementThreads                  = 13                                        {product} {ergonomic}
   size_t G1HeapRegionSize                         = 4194304                                   {product} {ergonomic}
    uintx GCDrainStackTargetSize                   = 64                                        {product} {ergonomic}
   size_t InitialHeapSize                          = 532676608                                 {product} {ergonomic}
   size_t MarkStackSize                            = 4194304                                   {product} {ergonomic}
   size_t MaxHeapSize                              = 8497659904                                {product} {ergonomic}
   size_t MinHeapDeltaBytes                        = 4194304                                   {product} {ergonomic}
   size_t MinHeapSize                              = 8388608                                   {product} {ergonomic}
    uintx NonNMethodCodeHeapSize                   = 7602480                                {pd product} {ergonomic}
    uintx NonProfiledCodeHeapSize                  = 122027880                              {pd product} {ergonomic}
    uintx ProfiledCodeHeapSize                     = 122027880                              {pd product} {ergonomic}
    uintx ReservedCodeCacheSize                    = 251658240                              {pd product} {ergonomic}
     bool SegmentedCodeCache                       = true                                      {product} {ergonomic}
   size_t SoftMaxHeapSize                          = 8497659904                             {manageable} {ergonomic}
     bool UseCompressedOops                        = true                           {product lp64_product} {ergonomic}
     bool UseG1GC                                  = true                                      {product} {ergonomic}
     bool UseLargePagesIndividualAllocation        = false                                  {pd product} {ergonomic}

Logging:
Log output configuration:
 #0: stdout all=warning uptime,level,tags foldmultilines=false
 #1: stderr all=off uptime,level,tags foldmultilines=false

Environment Variables:
JAVA_HOME=D:\Program Files\Java\jdk17\
PATH=D:\Program Files\Java\jdk17\bin;C:\Program Files\YunShu\utils;C:\Python312\Scripts\;C:\Python312\;C:\Program Files\Common Files\Oracle\Java\javapath;C:\Program Files (x86)\Common Files\Oracle\Java\javapath;E:\Program Files (x86)\VMware\VMware Workstation\bin\;C:\WINDOWS\system32;C:\WINDOWS;C:\WINDOWS\System32\Wbem;C:\WINDOWS\System32\WindowsPowerShell\v1.0\;C:\WINDOWS\System32\OpenSSH\;D:\android-ndk-r13b;D:\Program Files\Android\platform-tools;C:\Program Files (x86)\NVIDIA Corporation\PhysX\Common;D:\Program Files\Git\cmd;D:\keytool-importkeypair-master;D:\Program Files\Java\jdk-11.0.20\bin;D:\Program Files\Java\jdk-11.0.20\jre\bin;D:\vscode\mingw64\bin;E:\Windows Kits\10\Windows Performance Toolkit\;E:\Program Files\Microsoft Visual Studio\2022\Community\VC\Tools\MSVC\14.39.33519\bin\Hostx64\x64;E:\Program Files\Microsoft Visual Studio\2022\Community\VC\Tools\MSVC\14.39.33519\bin\Hostx64\x86;E:\Program Files\cmake-3.29.0-rc4-windows-x86_64\bin;D:\Program Files\nodejs\;C:\ProgramData\chocolatey\bin;E:\Seraphine\miniconda;E:\Seraphine\miniconda\condabin;E:\Seraphine\miniconda\Scripts;E:\harmonyOS\sdk\9\toolchains;E:\harmonyOS\Huawei\ohpm\bin;d:\Programs\cursor\resources\app\bin;D:\Users\86180\AppData\Local\Programs\Python\Python311\Scripts\;D:\Users\86180\AppData\Local\Programs\Python\Python311\;C:\Users\86180\AppData\Local\Microsoft\WindowsApps;;D:\Users\86180\AppData\Local\Programs\Microsoft VS Code\bin;C:\Users\86180\AppData\Roaming\npm;E:\Program Files\JetBrains\IntelliJIDEA2024.2.3\bin;;E:\harmonyOS\deveco\studio\DevEco Studio\bin;;D:\Programs\cursor\resources\app\bin;E:\Programs\Kiro\bin
USERNAME=86180
OS=Windows_NT
PROCESSOR_IDENTIFIER=Intel64 Family 6 Model 141 Stepping 1, GenuineIntel
TMP=C:\Users\86180\AppData\Local\Temp
TEMP=C:\Users\86180\AppData\Local\Temp




Periodic native trim disabled

JNI global refs:
JNI global refs: 0, weak refs: 0

JNI global refs memory usage: 0, weak refs: 0

Process memory usage:
Resident Set Size: 11256K (0% of 33183456K total physical memory with 2479928K free physical memory)

OOME stack traces (most recent first):
Classloader memory used:

---------------  S Y S T E M  ---------------

OS:
 Windows 10 , 64 bit Build 19041 (10.0.19041.5915)
OS uptime: 14 days 12:31 hours
Hyper-V role detected

CPU: total 16 (initial active 16) (8 cores per cpu, 2 threads per core) family 6 model 141 stepping 1 microcode 0x2c, cx8, cmov, fxsr, ht, mmx, 3dnowpref, sse, sse2, sse3, ssse3, sse4.1, sse4.2, popcnt, lzcnt, tsc, tscinvbit, avx, avx2, aes, erms, clmul, bmi1, bmi2, adx, avx512f, avx512dq, avx512cd, avx512bw, avx512vl, sha, fma, vzeroupper, avx512_vpopcntdq, avx512_vpclmulqdq, avx512_vaes, avx512_vnni, clflush, clflushopt, clwb, avx512_vbmi2, avx512_vbmi, hv, rdtscp, rdpid, fsrm, gfni, avx512_bitalg, f16c, cet_ibt, cet_ss, avx512_ifma
Processor Information for the first 16 processors :
  Max Mhz: 2304, Current Mhz: 2304, Mhz Limit: 2304

Memory: 4k page, system-wide physical 32405M (2421M free)
TotalPageFile size 54646M (AvailPageFile size 284M)
current process WorkingSet (physical memory assigned to process): 11M, peak: 11M
current process commit charge ("private bytes"): 70M, peak: 578M

vm_info: OpenJDK 64-Bit Server VM (21.0.6+-13368085-b895.109) for windows-amd64 JRE (21.0.6+-13368085-b895.109), built on 2025-04-16T17:01:31Z by "builder" with MS VC++ 16.10 / 16.11 (VS2019)

END.
